09:47:00 **** Incremental Build of configuration Nios II for project my_proj ****
wsl make all 
Info: Building /mnt/c/Users/joshn/iCloudDrive/Desktop/Uni/MTRX3700/Major-Project/mtrx3700-major-project/VerilogCam_project/software/my_bsp/
make --no-print-directory -C /mnt/c/Users/joshn/iCloudDrive/Desktop/Uni/MTRX3700/Major-Project/mtrx3700-major-project/VerilogCam_project/software/my_bsp/
[BSP build complete]
Info: Compiling main.c to obj/default/main.o
nios2-elf-gcc.exe -xc -MP -MMD -c -IC:/Users/joshn/iCloudDrive/Desktop/Uni/MTRX3700/Major-Project/mtrx3700-major-project/VerilogCam_project/software/my_bsp/HAL/inc -IC:/Users/joshn/iCloudDrive/Desktop/Uni/MTRX3700/Major-Project/mtrx3700-major-project/VerilogCam_project/software/my_bsp -IC:/Users/joshn/iCloudDrive/Desktop/Uni/MTRX3700/Major-Project/mtrx3700-major-project/VerilogCam_project/software/my_bsp/drivers/inc  -pipe -D__hal__ -DALT_NO_INSTRUCTION_EMULATION -DALT_SINGLE_THREADED    -O0 -g -Wall   -mno-hw-div -mhw-mul -mno-hw-mulx -mgpopt=global  -o obj/default/main.o main.c
Info: Linking my_proj.elf
nios2-elf-g++.exe  -T'C:/Users/joshn/iCloudDrive/Desktop/Uni/MTRX3700/Major-Project/mtrx3700-major-project/VerilogCam_project/software/my_bsp/linker.x' -msys-crt0='C:/Users/joshn/iCloudDrive/Desktop/Uni/MTRX3700/Major-Project/mtrx3700-major-project/VerilogCam_project/software/my_bsp/obj/HAL/src/crt0.o' -msys-lib=hal_bsp -LC:/Users/joshn/iCloudDrive/Desktop/Uni/MTRX3700/Major-Project/mtrx3700-major-project/VerilogCam_project/software/my_bsp   -Wl,-Map=my_proj.map   -O0 -g -Wall   -mno-hw-div -mhw-mul -mno-hw-mulx -mgpopt=global  -o my_proj.elf obj/default/main.o -lm -msys-lib=m
nios2-elf-insert.exe my_proj.elf --thread_model hal --cpu_name cpu --qsys true --simulation_enabled false --stderr_dev jtag --stdin_dev jtag --stdout_dev jtag --sopc_system_name my_softcore
Info: (my_proj.elf) 22 KBytes program size (code + initialized data).
Info:               171 KBytes free for stack + heap.
Info: Creating my_proj.objdump
nios2-elf-objdump.exe --disassemble --syms --all-header my_proj.elf >my_proj.objdump
[my_proj build complete]
09:47:06 **** Incremental Build of configuration Nios II for project my_proj ****
wsl make all 
Info: Building /mnt/c/Users/joshn/iCloudDrive/Desktop/Uni/MTRX3700/Major-Project/mtrx3700-major-project/VerilogCam_project/software/my_bsp/
make --no-print-directory -C /mnt/c/Users/joshn/iCloudDrive/Desktop/Uni/MTRX3700/Major-Project/mtrx3700-major-project/VerilogCam_project/software/my_bsp/
[BSP build complete]
[my_proj build complete]
